0 info it worked if it ends with ok
1 verbose cli [ 'C:\\Program Files\\nodejs\\node.exe',
1 verbose cli   'C:\\Program Files\\nodejs\\node_modules\\npm\\bin\\npm-cli.js',
1 verbose cli   'install',
1 verbose cli   'spellchecker' ]
2 info using npm@3.10.10
3 info using node@v6.10.2
4 silly loadCurrentTree Starting
5 silly install loadCurrentTree
6 silly install readLocalPackageData
7 silly fetchPackageMetaData spellchecker
8 silly fetchNamedPackageData spellchecker
9 silly mapToRegistry name spellchecker
10 silly mapToRegistry using default registry
11 silly mapToRegistry registry https://registry.npmjs.org/
12 silly mapToRegistry data Result {
12 silly mapToRegistry   raw: 'spellchecker',
12 silly mapToRegistry   scope: null,
12 silly mapToRegistry   escapedName: 'spellchecker',
12 silly mapToRegistry   name: 'spellchecker',
12 silly mapToRegistry   rawSpec: '',
12 silly mapToRegistry   spec: 'latest',
12 silly mapToRegistry   type: 'tag' }
13 silly mapToRegistry uri https://registry.npmjs.org/spellchecker
14 verbose request uri https://registry.npmjs.org/spellchecker
15 verbose request no auth needed
16 info attempt registry request try #1 at 7:24:35 PM
17 verbose request id 945fa40c05a0ad21
18 verbose etag W/"59dd4d26-b019"
19 verbose lastModified Tue, 10 Oct 2017 22:43:50 GMT
20 http request GET https://registry.npmjs.org/spellchecker
21 http 304 https://registry.npmjs.org/spellchecker
22 verbose headers { date: 'Fri, 01 Dec 2017 03:24:37 GMT',
22 verbose headers   via: '1.1 varnish',
22 verbose headers   'cache-control': 'max-age=300',
22 verbose headers   etag: 'W/"59dd4d26-b019"',
22 verbose headers   age: '73',
22 verbose headers   connection: 'keep-alive',
22 verbose headers   'x-served-by': 'cache-lax8625-LAX',
22 verbose headers   'x-cache': 'HIT',
22 verbose headers   'x-cache-hits': '1',
22 verbose headers   'x-timer': 'S1512098678.592666,VS0,VE1',
22 verbose headers   vary: 'Accept-Encoding, Accept' }
23 silly get cb [ 304,
23 silly get   { date: 'Fri, 01 Dec 2017 03:24:37 GMT',
23 silly get     via: '1.1 varnish',
23 silly get     'cache-control': 'max-age=300',
23 silly get     etag: 'W/"59dd4d26-b019"',
23 silly get     age: '73',
23 silly get     connection: 'keep-alive',
23 silly get     'x-served-by': 'cache-lax8625-LAX',
23 silly get     'x-cache': 'HIT',
23 silly get     'x-cache-hits': '1',
23 silly get     'x-timer': 'S1512098678.592666,VS0,VE1',
23 silly get     vary: 'Accept-Encoding, Accept' } ]
24 verbose etag https://registry.npmjs.org/spellchecker from cache
25 verbose get saving spellchecker to C:\Users\seanf\AppData\Roaming\npm-cache\registry.npmjs.org\spellchecker\.cache.json
26 verbose correctMkdir C:\Users\seanf\AppData\Roaming\npm-cache correctMkdir not in flight; initializing
27 silly install normalizeTree
28 silly loadCurrentTree Finishing
29 silly loadIdealTree Starting
30 silly install loadIdealTree
31 silly cloneCurrentTree Starting
32 silly install cloneCurrentTreeToIdealTree
33 silly cloneCurrentTree Finishing
34 silly loadShrinkwrap Starting
35 silly install loadShrinkwrap
36 silly loadShrinkwrap Finishing
37 silly loadAllDepsIntoIdealTree Starting
38 silly install loadAllDepsIntoIdealTree
39 silly resolveWithNewModule spellchecker@3.4.4 checking installable status
40 silly cache add args [ 'spellchecker', null ]
41 verbose cache add spec spellchecker
42 silly cache add parsed spec Result {
42 silly cache add   raw: 'spellchecker',
42 silly cache add   scope: null,
42 silly cache add   escapedName: 'spellchecker',
42 silly cache add   name: 'spellchecker',
42 silly cache add   rawSpec: '',
42 silly cache add   spec: 'latest',
42 silly cache add   type: 'tag' }
43 silly addNamed spellchecker@latest
44 verbose addNamed "latest" is being treated as a dist-tag for spellchecker
45 info addNameTag [ 'spellchecker', 'latest' ]
46 silly mapToRegistry name spellchecker
47 silly mapToRegistry using default registry
48 silly mapToRegistry registry https://registry.npmjs.org/
49 silly mapToRegistry data Result {
49 silly mapToRegistry   raw: 'spellchecker',
49 silly mapToRegistry   scope: null,
49 silly mapToRegistry   escapedName: 'spellchecker',
49 silly mapToRegistry   name: 'spellchecker',
49 silly mapToRegistry   rawSpec: '',
49 silly mapToRegistry   spec: 'latest',
49 silly mapToRegistry   type: 'tag' }
50 silly mapToRegistry uri https://registry.npmjs.org/spellchecker
51 verbose addNameTag registry:https://registry.npmjs.org/spellchecker not in flight; fetching
52 verbose get https://registry.npmjs.org/spellchecker not expired, no request
53 silly addNameTag next cb for spellchecker with tag latest
54 silly addNamed spellchecker@3.4.4
55 verbose addNamed "3.4.4" is a plain semver version for spellchecker
56 silly cache afterAdd spellchecker@3.4.4
57 verbose afterAdd C:\Users\seanf\AppData\Roaming\npm-cache\spellchecker\3.4.4\package\package.json not in flight; writing
58 verbose correctMkdir C:\Users\seanf\AppData\Roaming\npm-cache correctMkdir not in flight; initializing
59 verbose afterAdd C:\Users\seanf\AppData\Roaming\npm-cache\spellchecker\3.4.4\package\package.json written
60 silly fetchNamedPackageData any-promise
61 silly mapToRegistry name any-promise
62 silly mapToRegistry using default registry
63 silly mapToRegistry registry https://registry.npmjs.org/
64 silly mapToRegistry data Result {
64 silly mapToRegistry   raw: 'any-promise',
64 silly mapToRegistry   scope: null,
64 silly mapToRegistry   escapedName: 'any-promise',
64 silly mapToRegistry   name: 'any-promise',
64 silly mapToRegistry   rawSpec: '',
64 silly mapToRegistry   spec: 'latest',
64 silly mapToRegistry   type: 'tag' }
65 silly mapToRegistry uri https://registry.npmjs.org/any-promise
66 silly fetchNamedPackageData nan
67 silly mapToRegistry name nan
68 silly mapToRegistry using default registry
69 silly mapToRegistry registry https://registry.npmjs.org/
70 silly mapToRegistry data Result {
70 silly mapToRegistry   raw: 'nan',
70 silly mapToRegistry   scope: null,
70 silly mapToRegistry   escapedName: 'nan',
70 silly mapToRegistry   name: 'nan',
70 silly mapToRegistry   rawSpec: '',
70 silly mapToRegistry   spec: 'latest',
70 silly mapToRegistry   type: 'tag' }
71 silly mapToRegistry uri https://registry.npmjs.org/nan
72 verbose request uri https://registry.npmjs.org/any-promise
73 verbose request no auth needed
74 info attempt registry request try #1 at 7:24:36 PM
75 verbose etag W/"597b0cdb-467b"
76 verbose lastModified Fri, 28 Jul 2017 10:07:23 GMT
77 http request GET https://registry.npmjs.org/any-promise
78 verbose request uri https://registry.npmjs.org/nan
79 verbose request no auth needed
80 info attempt registry request try #1 at 7:24:36 PM
81 verbose etag W/"5a0c2640-20c10"
82 verbose lastModified Wed, 15 Nov 2017 11:34:24 GMT
83 http request GET https://registry.npmjs.org/nan
84 http 304 https://registry.npmjs.org/any-promise
85 verbose headers { date: 'Fri, 01 Dec 2017 03:24:37 GMT',
85 verbose headers   via: '1.1 varnish',
85 verbose headers   'cache-control': 'max-age=300',
85 verbose headers   etag: 'W/"597b0cdb-467b"',
85 verbose headers   age: '72',
85 verbose headers   connection: 'keep-alive',
85 verbose headers   'x-served-by': 'cache-lax8625-LAX',
85 verbose headers   'x-cache': 'HIT',
85 verbose headers   'x-cache-hits': '1',
85 verbose headers   'x-timer': 'S1512098678.786331,VS0,VE1',
85 verbose headers   vary: 'Accept-Encoding, Accept' }
86 silly get cb [ 304,
86 silly get   { date: 'Fri, 01 Dec 2017 03:24:37 GMT',
86 silly get     via: '1.1 varnish',
86 silly get     'cache-control': 'max-age=300',
86 silly get     etag: 'W/"597b0cdb-467b"',
86 silly get     age: '72',
86 silly get     connection: 'keep-alive',
86 silly get     'x-served-by': 'cache-lax8625-LAX',
86 silly get     'x-cache': 'HIT',
86 silly get     'x-cache-hits': '1',
86 silly get     'x-timer': 'S1512098678.786331,VS0,VE1',
86 silly get     vary: 'Accept-Encoding, Accept' } ]
87 verbose etag https://registry.npmjs.org/any-promise from cache
88 verbose get saving any-promise to C:\Users\seanf\AppData\Roaming\npm-cache\registry.npmjs.org\any-promise\.cache.json
89 verbose correctMkdir C:\Users\seanf\AppData\Roaming\npm-cache correctMkdir not in flight; initializing
90 silly resolveWithNewModule any-promise@1.3.0 checking installable status
91 silly cache add args [ 'any-promise@^1.3.0', null ]
92 verbose cache add spec any-promise@^1.3.0
93 silly cache add parsed spec Result {
93 silly cache add   raw: 'any-promise@^1.3.0',
93 silly cache add   scope: null,
93 silly cache add   escapedName: 'any-promise',
93 silly cache add   name: 'any-promise',
93 silly cache add   rawSpec: '^1.3.0',
93 silly cache add   spec: '>=1.3.0 <2.0.0',
93 silly cache add   type: 'range' }
94 silly addNamed any-promise@>=1.3.0 <2.0.0
95 verbose addNamed ">=1.3.0 <2.0.0" is a valid semver range for any-promise
96 silly addNameRange { name: 'any-promise', range: '>=1.3.0 <2.0.0', hasData: false }
97 silly mapToRegistry name any-promise
98 silly mapToRegistry using default registry
99 silly mapToRegistry registry https://registry.npmjs.org/
100 silly mapToRegistry data Result {
100 silly mapToRegistry   raw: 'any-promise',
100 silly mapToRegistry   scope: null,
100 silly mapToRegistry   escapedName: 'any-promise',
100 silly mapToRegistry   name: 'any-promise',
100 silly mapToRegistry   rawSpec: '',
100 silly mapToRegistry   spec: 'latest',
100 silly mapToRegistry   type: 'tag' }
101 silly mapToRegistry uri https://registry.npmjs.org/any-promise
102 verbose addNameRange registry:https://registry.npmjs.org/any-promise not in flight; fetching
103 verbose get https://registry.npmjs.org/any-promise not expired, no request
104 silly addNameRange number 2 { name: 'any-promise', range: '>=1.3.0 <2.0.0', hasData: true }
105 silly addNameRange versions [ 'any-promise',
105 silly addNameRange   [ '0.0.1',
105 silly addNameRange     '0.0.2',
105 silly addNameRange     '0.1.0',
105 silly addNameRange     '0.2.0',
105 silly addNameRange     '1.0.0',
105 silly addNameRange     '1.1.0',
105 silly addNameRange     '1.2.0',
105 silly addNameRange     '1.3.0' ] ]
106 silly addNamed any-promise@1.3.0
107 verbose addNamed "1.3.0" is a plain semver version for any-promise
108 silly cache afterAdd any-promise@1.3.0
109 verbose afterAdd C:\Users\seanf\AppData\Roaming\npm-cache\any-promise\1.3.0\package\package.json not in flight; writing
110 verbose correctMkdir C:\Users\seanf\AppData\Roaming\npm-cache correctMkdir not in flight; initializing
111 verbose afterAdd C:\Users\seanf\AppData\Roaming\npm-cache\any-promise\1.3.0\package\package.json written
112 http 304 https://registry.npmjs.org/nan
113 verbose headers { date: 'Fri, 01 Dec 2017 03:24:37 GMT',
113 verbose headers   via: '1.1 varnish',
113 verbose headers   'cache-control': 'max-age=300',
113 verbose headers   etag: 'W/"5a0c2640-20c10"',
113 verbose headers   age: '256',
113 verbose headers   connection: 'keep-alive',
113 verbose headers   'x-served-by': 'cache-lax8634-LAX',
113 verbose headers   'x-cache': 'HIT',
113 verbose headers   'x-cache-hits': '4',
113 verbose headers   'x-timer': 'S1512098678.946683,VS0,VE0',
113 verbose headers   vary: 'Accept-Encoding, Accept' }
114 silly get cb [ 304,
114 silly get   { date: 'Fri, 01 Dec 2017 03:24:37 GMT',
114 silly get     via: '1.1 varnish',
114 silly get     'cache-control': 'max-age=300',
114 silly get     etag: 'W/"5a0c2640-20c10"',
114 silly get     age: '256',
114 silly get     connection: 'keep-alive',
114 silly get     'x-served-by': 'cache-lax8634-LAX',
114 silly get     'x-cache': 'HIT',
114 silly get     'x-cache-hits': '4',
114 silly get     'x-timer': 'S1512098678.946683,VS0,VE0',
114 silly get     vary: 'Accept-Encoding, Accept' } ]
115 verbose etag https://registry.npmjs.org/nan from cache
116 verbose get saving nan to C:\Users\seanf\AppData\Roaming\npm-cache\registry.npmjs.org\nan\.cache.json
117 verbose correctMkdir C:\Users\seanf\AppData\Roaming\npm-cache correctMkdir not in flight; initializing
118 silly resolveWithNewModule nan@2.8.0 checking installable status
119 silly cache add args [ 'nan@^2.0.0', null ]
120 verbose cache add spec nan@^2.0.0
121 silly cache add parsed spec Result {
121 silly cache add   raw: 'nan@^2.0.0',
121 silly cache add   scope: null,
121 silly cache add   escapedName: 'nan',
121 silly cache add   name: 'nan',
121 silly cache add   rawSpec: '^2.0.0',
121 silly cache add   spec: '>=2.0.0 <3.0.0',
121 silly cache add   type: 'range' }
122 silly addNamed nan@>=2.0.0 <3.0.0
123 verbose addNamed ">=2.0.0 <3.0.0" is a valid semver range for nan
124 silly addNameRange { name: 'nan', range: '>=2.0.0 <3.0.0', hasData: false }
125 silly mapToRegistry name nan
126 silly mapToRegistry using default registry
127 silly mapToRegistry registry https://registry.npmjs.org/
128 silly mapToRegistry data Result {
128 silly mapToRegistry   raw: 'nan',
128 silly mapToRegistry   scope: null,
128 silly mapToRegistry   escapedName: 'nan',
128 silly mapToRegistry   name: 'nan',
128 silly mapToRegistry   rawSpec: '',
128 silly mapToRegistry   spec: 'latest',
128 silly mapToRegistry   type: 'tag' }
129 silly mapToRegistry uri https://registry.npmjs.org/nan
130 verbose addNameRange registry:https://registry.npmjs.org/nan not in flight; fetching
131 verbose get https://registry.npmjs.org/nan not expired, no request
132 silly addNameRange number 2 { name: 'nan', range: '>=2.0.0 <3.0.0', hasData: true }
133 silly addNameRange versions [ 'nan',
133 silly addNameRange   [ '0.3.0-wip',
133 silly addNameRange     '0.3.0-wip2',
133 silly addNameRange     '0.3.0',
133 silly addNameRange     '0.3.1',
133 silly addNameRange     '0.3.2',
133 silly addNameRange     '0.4.0',
133 silly addNameRange     '0.4.1',
133 silly addNameRange     '0.4.2',
133 silly addNameRange     '0.4.3',
133 silly addNameRange     '0.4.4',
133 silly addNameRange     '0.5.0',
133 silly addNameRange     '0.5.1',
133 silly addNameRange     '0.5.2',
133 silly addNameRange     '0.6.0',
133 silly addNameRange     '0.7.0',
133 silly addNameRange     '0.7.1',
133 silly addNameRange     '0.8.0',
133 silly addNameRange     '1.0.0',
133 silly addNameRange     '1.1.0',
133 silly addNameRange     '1.1.1',
133 silly addNameRange     '1.1.2',
133 silly addNameRange     '1.2.0',
133 silly addNameRange     '1.3.0',
133 silly addNameRange     '1.4.0',
133 silly addNameRange     '1.4.1',
133 silly addNameRange     '1.5.0',
133 silly addNameRange     '1.4.2',
133 silly addNameRange     '1.4.3',
133 silly addNameRange     '1.5.1',
133 silly addNameRange     '1.5.2',
133 silly addNameRange     '1.6.0',
133 silly addNameRange     '1.5.3',
133 silly addNameRange     '1.6.1',
133 silly addNameRange     '1.6.2',
133 silly addNameRange     '1.7.0',
133 silly addNameRange     '1.8.0',
133 silly addNameRange     '1.8.1',
133 silly addNameRange     '1.8.2',
133 silly addNameRange     '1.8.3',
133 silly addNameRange     '1.8.4',
133 silly addNameRange     '1.9.0',
133 silly addNameRange     '2.0.0',
133 silly addNameRange     '2.0.1',
133 silly addNameRange     '2.0.2',
133 silly addNameRange     '2.0.3',
133 silly addNameRange     '2.0.4',
133 silly addNameRange     '2.0.5',
133 silly addNameRange     '2.0.6',
133 silly addNameRange     '2.0.7',
133 silly addNameRange     '2.0.8',
133 silly addNameRange     '2.0.9',
133 silly addNameRange     '2.1.0',
133 silly addNameRange     '2.2.0',
133 silly addNameRange     '2.2.1',
133 silly addNameRange     '2.3.0',
133 silly addNameRange     '2.3.1',
133 silly addNameRange     '2.3.2',
133 silly addNameRange     '2.3.3',
133 silly addNameRange     '2.3.4',
133 silly addNameRange     '2.3.5',
133 silly addNameRange     '2.4.0',
133 silly addNameRange     '2.5.0',
133 silly addNameRange     '2.5.1',
133 silly addNameRange     '2.6.0',
133 silly addNameRange     '2.6.1',
133 silly addNameRange     '2.6.2',
133 silly addNameRange     '2.7.0',
133 silly addNameRange     '2.8.0' ] ]
134 silly addNamed nan@2.8.0
135 verbose addNamed "2.8.0" is a plain semver version for nan
136 silly cache afterAdd nan@2.8.0
137 verbose afterAdd C:\Users\seanf\AppData\Roaming\npm-cache\nan\2.8.0\package\package.json not in flight; writing
138 verbose correctMkdir C:\Users\seanf\AppData\Roaming\npm-cache correctMkdir not in flight; initializing
139 verbose afterAdd C:\Users\seanf\AppData\Roaming\npm-cache\nan\2.8.0\package\package.json written
140 silly loadAllDepsIntoIdealTree Finishing
141 silly loadIdealTree Finishing
142 silly currentTree Mini-Portfolio
143 silly idealTree Mini-Portfolio
143 silly idealTree +-- any-promise@1.3.0
143 silly idealTree +-- nan@2.8.0
143 silly idealTree `-- spellchecker@3.4.4
144 silly generateActionsToTake Starting
145 silly install generateActionsToTake
146 silly generateActionsToTake Finishing
147 silly diffTrees action count 3
148 silly diffTrees add any-promise@1.3.0
149 silly diffTrees add nan@2.8.0
150 silly diffTrees add spellchecker@3.4.4
151 silly decomposeActions action count 24
152 silly decomposeActions fetch any-promise@1.3.0
153 silly decomposeActions extract any-promise@1.3.0
154 silly decomposeActions test any-promise@1.3.0
155 silly decomposeActions preinstall any-promise@1.3.0
156 silly decomposeActions build any-promise@1.3.0
157 silly decomposeActions install any-promise@1.3.0
158 silly decomposeActions postinstall any-promise@1.3.0
159 silly decomposeActions finalize any-promise@1.3.0
160 silly decomposeActions fetch nan@2.8.0
161 silly decomposeActions extract nan@2.8.0
162 silly decomposeActions test nan@2.8.0
163 silly decomposeActions preinstall nan@2.8.0
164 silly decomposeActions build nan@2.8.0
165 silly decomposeActions install nan@2.8.0
166 silly decomposeActions postinstall nan@2.8.0
167 silly decomposeActions finalize nan@2.8.0
168 silly decomposeActions fetch spellchecker@3.4.4
169 silly decomposeActions extract spellchecker@3.4.4
170 silly decomposeActions test spellchecker@3.4.4
171 silly decomposeActions preinstall spellchecker@3.4.4
172 silly decomposeActions build spellchecker@3.4.4
173 silly decomposeActions install spellchecker@3.4.4
174 silly decomposeActions postinstall spellchecker@3.4.4
175 silly decomposeActions finalize spellchecker@3.4.4
176 silly runTopLevelLifecycles Starting
177 silly executeActions Starting
178 silly install executeActions
179 silly doSerial global-install 0
180 silly doParallel fetch 3
181 verbose correctMkdir C:\Users\seanf\AppData\Roaming\npm-cache\_locks correctMkdir not in flight; initializing
182 verbose lock using C:\Users\seanf\AppData\Roaming\npm-cache\_locks\staging-d2be6b1d7aef6d25.lock for C:\Juntola\Udemy\Mini-Portfolio\node_modules\.staging
183 silly doParallel extract 3
184 silly extract any-promise@1.3.0
185 silly extract nan@2.8.0
186 silly extract spellchecker@3.4.4
187 verbose unbuild node_modules\.staging\any-promise-73a5e25f
188 verbose unbuild node_modules\.staging\nan-1da4ab17
189 silly gentlyRm C:\Juntola\Udemy\Mini-Portfolio\node_modules\.staging\any-promise-73a5e25f is being purged from base C:\Juntola\Udemy\Mini-Portfolio
190 verbose gentlyRm don't care about contents; nuking C:\Juntola\Udemy\Mini-Portfolio\node_modules\.staging\any-promise-73a5e25f
191 verbose unbuild node_modules\.staging\spellchecker-d7be6dc3
192 silly gentlyRm C:\Juntola\Udemy\Mini-Portfolio\node_modules\.staging\nan-1da4ab17 is being purged from base C:\Juntola\Udemy\Mini-Portfolio
193 verbose gentlyRm don't care about contents; nuking C:\Juntola\Udemy\Mini-Portfolio\node_modules\.staging\nan-1da4ab17
194 verbose tar unpack C:\Users\seanf\AppData\Roaming\npm-cache\any-promise\1.3.0\package.tgz
195 verbose tar unpacking to C:\Juntola\Udemy\Mini-Portfolio\node_modules\.staging\any-promise-73a5e25f
196 silly gentlyRm C:\Juntola\Udemy\Mini-Portfolio\node_modules\.staging\any-promise-73a5e25f is being purged
197 verbose gentlyRm don't care about contents; nuking C:\Juntola\Udemy\Mini-Portfolio\node_modules\.staging\any-promise-73a5e25f
198 verbose tar unpack C:\Users\seanf\AppData\Roaming\npm-cache\nan\2.8.0\package.tgz
199 verbose tar unpacking to C:\Juntola\Udemy\Mini-Portfolio\node_modules\.staging\nan-1da4ab17
200 silly gentlyRm C:\Juntola\Udemy\Mini-Portfolio\node_modules\.staging\nan-1da4ab17 is being purged
201 verbose gentlyRm don't care about contents; nuking C:\Juntola\Udemy\Mini-Portfolio\node_modules\.staging\nan-1da4ab17
202 silly gunzTarPerm modes [ '777', '666' ]
203 silly gunzTarPerm modes [ '777', '666' ]
204 silly gentlyRm C:\Juntola\Udemy\Mini-Portfolio\node_modules\.staging\spellchecker-d7be6dc3 is being purged from base C:\Juntola\Udemy\Mini-Portfolio
205 verbose gentlyRm don't care about contents; nuking C:\Juntola\Udemy\Mini-Portfolio\node_modules\.staging\spellchecker-d7be6dc3
206 verbose tar unpack C:\Users\seanf\AppData\Roaming\npm-cache\spellchecker\3.4.4\package.tgz
207 verbose tar unpacking to C:\Juntola\Udemy\Mini-Portfolio\node_modules\.staging\spellchecker-d7be6dc3
208 silly gentlyRm C:\Juntola\Udemy\Mini-Portfolio\node_modules\.staging\spellchecker-d7be6dc3 is being purged
209 verbose gentlyRm don't care about contents; nuking C:\Juntola\Udemy\Mini-Portfolio\node_modules\.staging\spellchecker-d7be6dc3
210 silly gunzTarPerm modes [ '777', '666' ]
211 silly gunzTarPerm extractEntry package.json
212 silly gunzTarPerm modified mode [ 'package.json', 436, 438 ]
213 silly gunzTarPerm extractEntry package.json
214 silly gunzTarPerm modified mode [ 'package.json', 436, 438 ]
215 silly gunzTarPerm extractEntry .npmignore
216 silly gunzTarPerm modified mode [ '.npmignore', 436, 438 ]
217 silly gunzTarPerm extractEntry README.md
218 silly gunzTarPerm modified mode [ 'README.md', 436, 438 ]
219 silly gunzTarPerm extractEntry README.md
220 silly gunzTarPerm modified mode [ 'README.md', 436, 438 ]
221 silly gunzTarPerm extractEntry package.json
222 silly gunzTarPerm extractEntry include_dirs.js
223 silly gunzTarPerm modified mode [ 'include_dirs.js', 436, 438 ]
224 silly gunzTarPerm extractEntry binding.gyp
225 silly gunzTarPerm extractEntry LICENSE.md
226 silly gunzTarPerm extractEntry LICENSE
227 silly gunzTarPerm modified mode [ 'LICENSE', 436, 438 ]
228 silly gunzTarPerm extractEntry index.js
229 silly gunzTarPerm modified mode [ 'index.js', 436, 438 ]
230 silly gunzTarPerm extractEntry nan_converters_43_inl.h
231 silly gunzTarPerm modified mode [ 'nan_converters_43_inl.h', 436, 438 ]
232 silly gunzTarPerm extractEntry LICENSE.md
233 silly gunzTarPerm modified mode [ 'LICENSE.md', 436, 438 ]
234 silly gunzTarPerm extractEntry doc/new.md
235 silly gunzTarPerm modified mode [ 'doc/new.md', 436, 438 ]
236 silly gunzTarPerm extractEntry doc/asyncworker.md
237 silly gunzTarPerm modified mode [ 'doc/asyncworker.md', 436, 438 ]
238 silly gunzTarPerm extractEntry README.md
239 silly gunzTarPerm extractEntry lib/spellchecker.js
240 silly gunzTarPerm extractEntry implementation.js
241 silly gunzTarPerm modified mode [ 'implementation.js', 436, 438 ]
242 silly gunzTarPerm extractEntry loader.js
243 silly gunzTarPerm modified mode [ 'loader.js', 436, 438 ]
244 silly gunzTarPerm extractEntry doc/callback.md
245 silly gunzTarPerm modified mode [ 'doc/callback.md', 436, 438 ]
246 silly gunzTarPerm extractEntry doc/converters.md
247 silly gunzTarPerm modified mode [ 'doc/converters.md', 436, 438 ]
248 silly gunzTarPerm extractEntry src/main.cc
249 silly gunzTarPerm extractEntry src/spellchecker_hunspell.cc
250 silly gunzTarPerm extractEntry optional.js
251 silly gunzTarPerm modified mode [ 'optional.js', 436, 438 ]
252 silly gunzTarPerm extractEntry doc/errors.md
253 silly gunzTarPerm modified mode [ 'doc/errors.md', 436, 438 ]
254 silly gunzTarPerm extractEntry doc/json.md
255 silly gunzTarPerm modified mode [ 'doc/json.md', 436, 438 ]
256 silly gunzTarPerm extractEntry src/spellchecker_hunspell.h
257 silly gunzTarPerm extractEntry src/spellchecker_linux.cc
258 silly gunzTarPerm extractEntry register-shim.js
259 silly gunzTarPerm modified mode [ 'register-shim.js', 436, 438 ]
260 silly gunzTarPerm extractEntry register.js
261 silly gunzTarPerm modified mode [ 'register.js', 436, 438 ]
262 silly gunzTarPerm extractEntry doc/maybe_types.md
263 silly gunzTarPerm modified mode [ 'doc/maybe_types.md', 436, 438 ]
264 silly gunzTarPerm extractEntry doc/methods.md
265 silly gunzTarPerm modified mode [ 'doc/methods.md', 436, 438 ]
266 silly gunzTarPerm extractEntry src/spellchecker_mac.h
267 silly gunzTarPerm extractEntry src/spellchecker_mac.mm
268 silly gunzTarPerm extractEntry .jshintrc
269 silly gunzTarPerm modified mode [ '.jshintrc', 436, 438 ]
270 silly gunzTarPerm extractEntry implementation.d.ts
271 silly gunzTarPerm modified mode [ 'implementation.d.ts', 436, 438 ]
272 silly gunzTarPerm extractEntry doc/buffers.md
273 silly gunzTarPerm modified mode [ 'doc/buffers.md', 436, 438 ]
274 silly gunzTarPerm extractEntry doc/node_misc.md
275 silly gunzTarPerm modified mode [ 'doc/node_misc.md', 436, 438 ]
276 silly gunzTarPerm extractEntry register/when.js
277 silly gunzTarPerm modified mode [ 'register/when.js', 436, 438 ]
278 silly gunzTarPerm extractEntry register/es6-promise.js
279 silly gunzTarPerm modified mode [ 'register/es6-promise.js', 436, 438 ]
280 silly gunzTarPerm extractEntry src/spellchecker_win.cc
281 silly gunzTarPerm extractEntry src/spellchecker_win.h
282 silly gunzTarPerm extractEntry doc/object_wrappers.md
283 silly gunzTarPerm modified mode [ 'doc/object_wrappers.md', 436, 438 ]
284 silly gunzTarPerm extractEntry doc/persistent.md
285 silly gunzTarPerm modified mode [ 'doc/persistent.md', 436, 438 ]
286 silly gunzTarPerm extractEntry register/lie.js
287 silly gunzTarPerm modified mode [ 'register/lie.js', 436, 438 ]
288 silly gunzTarPerm extractEntry register/native-promise-only.js
289 silly gunzTarPerm modified mode [ 'register/native-promise-only.js', 436, 438 ]
290 silly gunzTarPerm extractEntry src/spellchecker.h
291 silly gunzTarPerm extractEntry src/transcoder_posix.cc
292 silly gunzTarPerm extractEntry register/pinkie.js
293 silly gunzTarPerm modified mode [ 'register/pinkie.js', 436, 438 ]
294 silly gunzTarPerm extractEntry register/bluebird.js
295 silly gunzTarPerm modified mode [ 'register/bluebird.js', 436, 438 ]
296 silly gunzTarPerm extractEntry doc/scopes.md
297 silly gunzTarPerm modified mode [ 'doc/scopes.md', 436, 438 ]
298 silly gunzTarPerm extractEntry doc/script.md
299 silly gunzTarPerm modified mode [ 'doc/script.md', 436, 438 ]
300 silly gunzTarPerm extractEntry register/promise.js
301 silly gunzTarPerm modified mode [ 'register/promise.js', 436, 438 ]
302 silly gunzTarPerm extractEntry register/q.js
303 silly gunzTarPerm modified mode [ 'register/q.js', 436, 438 ]
304 silly gunzTarPerm extractEntry src/transcoder_win.cc
305 silly gunzTarPerm extractEntry src/transcoder.h
306 silly gunzTarPerm extractEntry doc/string_bytes.md
307 silly gunzTarPerm modified mode [ 'doc/string_bytes.md', 436, 438 ]
308 silly gunzTarPerm extractEntry doc/v8_internals.md
309 silly gunzTarPerm modified mode [ 'doc/v8_internals.md', 436, 438 ]
310 silly gunzTarPerm extractEntry register/rsvp.js
311 silly gunzTarPerm modified mode [ 'register/rsvp.js', 436, 438 ]
312 silly gunzTarPerm extractEntry register/vow.js
313 silly gunzTarPerm modified mode [ 'register/vow.js', 436, 438 ]
314 silly gunzTarPerm extractEntry doc/v8_misc.md
315 silly gunzTarPerm modified mode [ 'doc/v8_misc.md', 436, 438 ]
316 silly gunzTarPerm extractEntry nan.h
317 silly gunzTarPerm modified mode [ 'nan.h', 436, 438 ]
318 silly gunzTarPerm extractEntry src/worker.cc
319 silly gunzTarPerm extractEntry src/worker.h
320 silly gunzTarPerm extractEntry vendor/hunspell_dictionaries/en_US.aff
321 silly gunzTarPerm extractEntry vendor/hunspell_dictionaries/en_US.dic
322 silly gunzTarPerm extractEntry register/es6-promise.d.ts
323 silly gunzTarPerm modified mode [ 'register/es6-promise.d.ts', 436, 438 ]
324 silly gunzTarPerm extractEntry register/native-promise-only.d.ts
325 silly gunzTarPerm modified mode [ 'register/native-promise-only.d.ts', 436, 438 ]
326 silly gunzTarPerm extractEntry nan_callbacks.h
327 silly gunzTarPerm modified mode [ 'nan_callbacks.h', 436, 438 ]
328 silly gunzTarPerm extractEntry register/q.d.ts
329 silly gunzTarPerm modified mode [ 'register/q.d.ts', 436, 438 ]
330 silly gunzTarPerm extractEntry register/bluebird.d.ts
331 silly gunzTarPerm modified mode [ 'register/bluebird.d.ts', 436, 438 ]
332 silly gunzTarPerm extractEntry nan_callbacks_12_inl.h
333 silly gunzTarPerm modified mode [ 'nan_callbacks_12_inl.h', 436, 438 ]
334 silly gunzTarPerm extractEntry nan_callbacks_pre_12_inl.h
335 silly gunzTarPerm modified mode [ 'nan_callbacks_pre_12_inl.h', 436, 438 ]
336 silly gunzTarPerm extractEntry nan_converters.h
337 silly gunzTarPerm modified mode [ 'nan_converters.h', 436, 438 ]
338 silly gunzTarPerm extractEntry nan_converters_pre_43_inl.h
339 silly gunzTarPerm modified mode [ 'nan_converters_pre_43_inl.h', 436, 438 ]
340 silly gunzTarPerm extractEntry register/rsvp.d.ts
341 silly gunzTarPerm modified mode [ 'register/rsvp.d.ts', 436, 438 ]
342 silly gunzTarPerm extractEntry register/pinkie.d.ts
343 silly gunzTarPerm modified mode [ 'register/pinkie.d.ts', 436, 438 ]
344 silly gunzTarPerm extractEntry nan_implementation_12_inl.h
345 silly gunzTarPerm modified mode [ 'nan_implementation_12_inl.h', 436, 438 ]
346 silly gunzTarPerm extractEntry nan_implementation_pre_12_inl.h
347 silly gunzTarPerm modified mode [ 'nan_implementation_pre_12_inl.h', 436, 438 ]
348 silly gunzTarPerm extractEntry nan_json.h
349 silly gunzTarPerm modified mode [ 'nan_json.h', 436, 438 ]
350 silly gunzTarPerm extractEntry nan_maybe_43_inl.h
351 silly gunzTarPerm modified mode [ 'nan_maybe_43_inl.h', 436, 438 ]
352 silly gunzTarPerm extractEntry register/vow.d.ts
353 silly gunzTarPerm modified mode [ 'register/vow.d.ts', 436, 438 ]
354 silly gunzTarPerm extractEntry register/lie.d.ts
355 silly gunzTarPerm modified mode [ 'register/lie.d.ts', 436, 438 ]
356 silly gunzTarPerm extractEntry nan_maybe_pre_43_inl.h
357 silly gunzTarPerm modified mode [ 'nan_maybe_pre_43_inl.h', 436, 438 ]
358 silly gunzTarPerm extractEntry nan_new.h
359 silly gunzTarPerm modified mode [ 'nan_new.h', 436, 438 ]
360 silly gunzTarPerm extractEntry register/when.d.ts
361 silly gunzTarPerm modified mode [ 'register/when.d.ts', 436, 438 ]
362 silly gunzTarPerm extractEntry register/promise.d.ts
363 silly gunzTarPerm modified mode [ 'register/promise.d.ts', 436, 438 ]
364 silly gunzTarPerm extractEntry vendor/hunspell_dictionaries/README.txt
365 silly gunzTarPerm extractEntry nan_object_wrap.h
366 silly gunzTarPerm modified mode [ 'nan_object_wrap.h', 436, 438 ]
367 silly gunzTarPerm extractEntry nan_persistent_12_inl.h
368 silly gunzTarPerm modified mode [ 'nan_persistent_12_inl.h', 436, 438 ]
369 silly gunzTarPerm extractEntry register.d.ts
370 silly gunzTarPerm modified mode [ 'register.d.ts', 436, 438 ]
371 silly gunzTarPerm extractEntry index.d.ts
372 silly gunzTarPerm modified mode [ 'index.d.ts', 436, 438 ]
373 silly gunzTarPerm extractEntry vendor/hunspell/AUTHORS
374 silly gunzTarPerm extractEntry vendor/hunspell/BUGS
375 silly gunzTarPerm extractEntry nan_persistent_pre_12_inl.h
376 silly gunzTarPerm modified mode [ 'nan_persistent_pre_12_inl.h', 436, 438 ]
377 silly gunzTarPerm extractEntry nan_private.h
378 silly gunzTarPerm modified mode [ 'nan_private.h', 436, 438 ]
379 silly gunzTarPerm extractEntry vendor/hunspell/ChangeLog
380 silly gunzTarPerm extractEntry vendor/hunspell/COPYING
381 silly gunzTarPerm extractEntry nan_string_bytes.h
382 silly gunzTarPerm modified mode [ 'nan_string_bytes.h', 436, 438 ]
383 silly gunzTarPerm extractEntry nan_typedarray_contents.h
384 silly gunzTarPerm modified mode [ 'nan_typedarray_contents.h', 436, 438 ]
385 silly gunzTarPerm extractEntry vendor/hunspell/COPYING.LGPL
386 silly gunzTarPerm extractEntry vendor/hunspell/COPYING.MPL
387 silly gunzTarPerm extractEntry nan_weak.h
388 silly gunzTarPerm modified mode [ 'nan_weak.h', 436, 438 ]
389 silly gunzTarPerm extractEntry CHANGELOG.md
390 silly gunzTarPerm modified mode [ 'CHANGELOG.md', 436, 438 ]
391 silly gunzTarPerm extractEntry vendor/hunspell/README
392 silly gunzTarPerm extractEntry vendor/hunspell/src/hunspell/affentry.cxx
393 silly gunzTarPerm extractEntry vendor/hunspell/src/hunspell/affentry.hxx
394 silly gunzTarPerm extractEntry vendor/hunspell/src/hunspell/affixmgr.cxx
395 silly gunzTarPerm extractEntry tools/package.json
396 silly gunzTarPerm modified mode [ 'tools/package.json', 436, 438 ]
397 silly gunzTarPerm extractEntry tools/README.md
398 silly gunzTarPerm modified mode [ 'tools/README.md', 436, 438 ]
399 silly gunzTarPerm extractEntry tools/1to2.js
400 silly gunzTarPerm modified mode [ 'tools/1to2.js', 509, 511 ]
401 silly gunzTarPerm extractEntry vendor/hunspell/src/hunspell/affixmgr.hxx
402 silly gunzTarPerm extractEntry vendor/hunspell/src/hunspell/atypes.hxx
403 silly gunzTarPerm extractEntry vendor/hunspell/src/hunspell/baseaffix.hxx
404 silly gunzTarPerm extractEntry vendor/hunspell/src/hunspell/csutil.cxx
405 silly gunzTarPerm extractEntry vendor/hunspell/src/hunspell/csutil.hxx
406 silly gunzTarPerm extractEntry vendor/hunspell/src/hunspell/dictmgr.cxx
407 silly gunzTarPerm extractEntry vendor/hunspell/src/hunspell/dictmgr.hxx
408 silly gunzTarPerm extractEntry vendor/hunspell/src/hunspell/filemgr.cxx
409 silly gunzTarPerm extractEntry vendor/hunspell/src/hunspell/filemgr.hxx
410 silly gunzTarPerm extractEntry vendor/hunspell/src/hunspell/hashmgr.cxx
411 silly gunzTarPerm extractEntry vendor/hunspell/src/hunspell/hashmgr.hxx
412 silly gunzTarPerm extractEntry vendor/hunspell/src/hunspell/htypes.hxx
413 silly gunzTarPerm extractEntry vendor/hunspell/src/hunspell/hunspell.cxx
414 silly gunzTarPerm extractEntry vendor/hunspell/src/hunspell/hunspell.dsp
415 silly gunzTarPerm extractEntry vendor/hunspell/src/hunspell/hunspell.h
416 silly gunzTarPerm extractEntry vendor/hunspell/src/hunspell/hunspell.hxx
417 silly gunzTarPerm extractEntry vendor/hunspell/src/hunspell/hunvisapi.h
418 silly gunzTarPerm extractEntry vendor/hunspell/src/hunspell/hunvisapi.h.in
419 silly gunzTarPerm extractEntry vendor/hunspell/src/hunspell/hunzip.cxx
420 silly gunzTarPerm extractEntry vendor/hunspell/src/hunspell/hunzip.hxx
421 silly gunzTarPerm extractEntry vendor/hunspell/src/hunspell/langnum.hxx
422 silly gunzTarPerm extractEntry vendor/hunspell/src/hunspell/license.hunspell
423 silly gunzTarPerm extractEntry vendor/hunspell/src/hunspell/license.myspell
424 silly gunzTarPerm extractEntry vendor/hunspell/src/hunspell/phonet.cxx
425 silly gunzTarPerm extractEntry vendor/hunspell/src/hunspell/phonet.hxx
426 silly gunzTarPerm extractEntry vendor/hunspell/src/hunspell/README
427 silly gunzTarPerm extractEntry vendor/hunspell/src/hunspell/replist.cxx
428 silly gunzTarPerm extractEntry vendor/hunspell/src/hunspell/replist.hxx
429 silly gunzTarPerm extractEntry vendor/hunspell/src/hunspell/suggestmgr.cxx
430 silly gunzTarPerm extractEntry vendor/hunspell/src/hunspell/suggestmgr.hxx
431 silly gunzTarPerm extractEntry vendor/hunspell/src/hunspell/utf_info.cxx
432 silly gunzTarPerm extractEntry vendor/hunspell/src/hunspell/w_char.hxx
433 silly gunzTarPerm extractEntry vendor/hunspell/src/parsers/firstparser.cxx
434 silly gunzTarPerm extractEntry vendor/hunspell/src/parsers/firstparser.hxx
435 silly gunzTarPerm extractEntry vendor/hunspell/src/parsers/htmlparser.cxx
436 silly gunzTarPerm extractEntry vendor/hunspell/src/parsers/htmlparser.hxx
437 silly gunzTarPerm extractEntry vendor/hunspell/src/parsers/latexparser.cxx
438 silly gunzTarPerm extractEntry vendor/hunspell/src/parsers/latexparser.hxx
439 silly gunzTarPerm extractEntry vendor/hunspell/src/parsers/manparser.cxx
440 silly gunzTarPerm extractEntry vendor/hunspell/src/parsers/manparser.hxx
441 silly gunzTarPerm extractEntry vendor/hunspell/src/parsers/testparser.cxx
442 silly gunzTarPerm extractEntry vendor/hunspell/src/parsers/textparser.cxx
443 silly gunzTarPerm extractEntry vendor/hunspell/src/parsers/textparser.hxx
444 silly gunzTarPerm extractEntry vendor/hunspell/THANKS
445 silly gentlyRm C:\Juntola\Udemy\Mini-Portfolio\node_modules\.staging\any-promise-73a5e25f\node_modules is being purged
446 verbose gentlyRm don't care about contents; nuking C:\Juntola\Udemy\Mini-Portfolio\node_modules\.staging\any-promise-73a5e25f\node_modules
447 silly gentlyRm C:\Juntola\Udemy\Mini-Portfolio\node_modules\.staging\nan-1da4ab17\node_modules is being purged
448 verbose gentlyRm don't care about contents; nuking C:\Juntola\Udemy\Mini-Portfolio\node_modules\.staging\nan-1da4ab17\node_modules
449 silly gentlyRm C:\Juntola\Udemy\Mini-Portfolio\node_modules\.staging\spellchecker-d7be6dc3\node_modules is being purged
450 verbose gentlyRm don't care about contents; nuking C:\Juntola\Udemy\Mini-Portfolio\node_modules\.staging\spellchecker-d7be6dc3\node_modules
451 silly doParallel preinstall 3
452 silly preinstall any-promise@1.3.0 C:\Juntola\Udemy\Mini-Portfolio\node_modules\.staging\any-promise-73a5e25f
453 info lifecycle any-promise@1.3.0~preinstall: any-promise@1.3.0
454 silly preinstall nan@2.8.0 C:\Juntola\Udemy\Mini-Portfolio\node_modules\.staging\nan-1da4ab17
455 info lifecycle nan@2.8.0~preinstall: nan@2.8.0
456 silly preinstall spellchecker@3.4.4 C:\Juntola\Udemy\Mini-Portfolio\node_modules\.staging\spellchecker-d7be6dc3
457 info lifecycle spellchecker@3.4.4~preinstall: spellchecker@3.4.4
458 silly lifecycle any-promise@1.3.0~preinstall: no script for preinstall, continuing
459 silly lifecycle nan@2.8.0~preinstall: no script for preinstall, continuing
460 silly lifecycle spellchecker@3.4.4~preinstall: no script for preinstall, continuing
461 silly doReverseSerial remove 0
462 silly doSerial move 0
463 silly doSerial finalize 3
464 silly finalize C:\Juntola\Udemy\Mini-Portfolio\node_modules\any-promise
465 silly finalize C:\Juntola\Udemy\Mini-Portfolio\node_modules\nan
466 silly finalize C:\Juntola\Udemy\Mini-Portfolio\node_modules\spellchecker
467 silly doSerial build 3
468 silly build any-promise@1.3.0
469 info linkStuff any-promise@1.3.0
470 silly linkStuff any-promise@1.3.0 has C:\Juntola\Udemy\Mini-Portfolio\node_modules as its parent node_modules
471 verbose linkBins any-promise@1.3.0
472 verbose linkMans any-promise@1.3.0
473 silly build nan@2.8.0
474 info linkStuff nan@2.8.0
475 silly linkStuff nan@2.8.0 has C:\Juntola\Udemy\Mini-Portfolio\node_modules as its parent node_modules
476 verbose linkBins nan@2.8.0
477 verbose linkMans nan@2.8.0
478 silly build spellchecker@3.4.4
479 info linkStuff spellchecker@3.4.4
480 silly linkStuff spellchecker@3.4.4 has C:\Juntola\Udemy\Mini-Portfolio\node_modules as its parent node_modules
481 verbose linkBins spellchecker@3.4.4
482 verbose linkMans spellchecker@3.4.4
483 silly doSerial global-link 0
484 silly doParallel update-linked 0
485 silly doSerial install 3
486 silly install any-promise@1.3.0 C:\Juntola\Udemy\Mini-Portfolio\node_modules\.staging\any-promise-73a5e25f
487 info lifecycle any-promise@1.3.0~install: any-promise@1.3.0
488 silly lifecycle any-promise@1.3.0~install: no script for install, continuing
489 silly install nan@2.8.0 C:\Juntola\Udemy\Mini-Portfolio\node_modules\.staging\nan-1da4ab17
490 info lifecycle nan@2.8.0~install: nan@2.8.0
491 silly lifecycle nan@2.8.0~install: no script for install, continuing
492 silly install spellchecker@3.4.4 C:\Juntola\Udemy\Mini-Portfolio\node_modules\.staging\spellchecker-d7be6dc3
493 info lifecycle spellchecker@3.4.4~install: spellchecker@3.4.4
494 verbose lifecycle spellchecker@3.4.4~install: unsafe-perm in lifecycle true
495 verbose lifecycle spellchecker@3.4.4~install: PATH: C:\Program Files\nodejs\node_modules\npm\bin\node-gyp-bin;C:\Juntola\Udemy\Mini-Portfolio\node_modules\spellchecker\node_modules\.bin;C:\Juntola\Udemy\Mini-Portfolio\node_modules\.bin;C:\Program Files (x86)\Razer Chroma SDK\bin;C:\Program Files\Razer Chroma SDK\bin;C:\WINDOWS\system32;C:\WINDOWS;C:\WINDOWS\System32\Wbem;C:\WINDOWS\System32\WindowsPowerShell\v1.0\;C:\WINDOWS\system32\config\systemprofile\AppData\Local\Microsoft\WindowsApps;C:\Program Files\nodejs\;C:\Program Files\Git\cmd;C:\Program Files\PuTTY\;C:\Program Files\dotnet\;C:\Program Files (x86)\Notepad++;C:\Program Files\RedHat\java-1.8.0-openjdk-1.8.0.144-1\bin;C:\Program Files (x86)\Common Files\Acronis\VirtualFile\;C:\Program Files (x86)\Common Files\Acronis\VirtualFile64\;C:\Program Files (x86)\Common Files\Acronis\SnapAPI\;C:\Program Files\Intel\WiFi\bin\;C:\Program Files\Common Files\Intel\WirelessCommon\;%SystemRoot%\system32;%SystemRoot%;%SystemRoot%\System32\Wbem;%SYSTEMROOT%\System32\WindowsPowerShell\v1.0\;C:\Users\seanf\AppData\Local\Microsoft\WindowsApps;C:\Users\seanf\AppData\Roaming\npm;C:\Program Files\Microsoft VS Code\bin;C:\Program Files (x86)\Notepad++;C:\Program Files\Intel\WiFi\bin\;C:\Program Files\Common Files\Intel\WirelessCommon\;
496 verbose lifecycle spellchecker@3.4.4~install: CWD: C:\Juntola\Udemy\Mini-Portfolio\node_modules\spellchecker
497 silly lifecycle spellchecker@3.4.4~install: Args: [ '/d /s /c', 'node-gyp rebuild' ]
498 silly lifecycle spellchecker@3.4.4~install: Returned: code: 1  signal: null
499 info lifecycle spellchecker@3.4.4~install: Failed to exec install script
500 verbose unlock done using C:\Users\seanf\AppData\Roaming\npm-cache\_locks\staging-d2be6b1d7aef6d25.lock for C:\Juntola\Udemy\Mini-Portfolio\node_modules\.staging
501 silly rollbackFailedOptional Starting
502 silly rollbackFailedOptional Finishing
503 silly runTopLevelLifecycles Finishing
504 silly install printInstalled
505 warn enoent ENOENT: no such file or directory, open 'C:\Juntola\Udemy\Mini-Portfolio\package.json'
506 verbose enoent ENOENT: no such file or directory, open 'C:\Juntola\Udemy\Mini-Portfolio\package.json'
506 verbose enoent This is most likely not a problem with npm itself
506 verbose enoent and is related to npm not being able to find a file.
507 warn Mini-Portfolio No description
508 verbose If you need help, you may report this error at:
508 verbose     <https://github.com/npm/npm/issues>
509 warn Mini-Portfolio No repository field.
510 verbose If you need help, you may report this error at:
510 verbose     <https://github.com/npm/npm/issues>
511 warn Mini-Portfolio No README data
512 verbose If you need help, you may report this error at:
512 verbose     <https://github.com/npm/npm/issues>
513 warn Mini-Portfolio No license field.
514 verbose If you need help, you may report this error at:
514 verbose     <https://github.com/npm/npm/issues>
515 verbose stack Error: spellchecker@3.4.4 install: `node-gyp rebuild`
515 verbose stack Exit status 1
515 verbose stack     at EventEmitter.<anonymous> (C:\Program Files\nodejs\node_modules\npm\lib\utils\lifecycle.js:255:16)
515 verbose stack     at emitTwo (events.js:106:13)
515 verbose stack     at EventEmitter.emit (events.js:191:7)
515 verbose stack     at ChildProcess.<anonymous> (C:\Program Files\nodejs\node_modules\npm\lib\utils\spawn.js:40:14)
515 verbose stack     at emitTwo (events.js:106:13)
515 verbose stack     at ChildProcess.emit (events.js:191:7)
515 verbose stack     at maybeClose (internal/child_process.js:886:16)
515 verbose stack     at Process.ChildProcess._handle.onexit (internal/child_process.js:226:5)
516 verbose pkgid spellchecker@3.4.4
517 verbose cwd C:\Juntola\Udemy\Mini-Portfolio
518 error Windows_NT 10.0.16299
519 error argv "C:\\Program Files\\nodejs\\node.exe" "C:\\Program Files\\nodejs\\node_modules\\npm\\bin\\npm-cli.js" "install" "spellchecker"
520 error node v6.10.2
521 error npm  v3.10.10
522 error code ELIFECYCLE
523 error spellchecker@3.4.4 install: `node-gyp rebuild`
523 error Exit status 1
524 error Failed at the spellchecker@3.4.4 install script 'node-gyp rebuild'.
524 error Make sure you have the latest version of node.js and npm installed.
524 error If you do, this is most likely a problem with the spellchecker package,
524 error not with npm itself.
524 error Tell the author that this fails on your system:
524 error     node-gyp rebuild
524 error You can get information on how to open an issue for this project with:
524 error     npm bugs spellchecker
524 error Or if that isn't available, you can get their info via:
524 error     npm owner ls spellchecker
524 error There is likely additional logging output above.
525 verbose exit [ 1, true ]
